

[30m⛶[0m[30m⛶[0m[30m⛶[0m[30m⛶[0m[30m⛶[0m
[30m⛶[0m[30m⛶[0m[30m⛶[0m[30m⛶[0m[30m⛶[0m
[30m⛶[0m[30m⛶[0m[30m⛶[0m[30m⛶[0m[30m⛶[0m
[30m⛶[0m[30m⛶[0m[30m⛶[0m[30m⛶[0m[30m⛶[0m
[30m⛶[0m[30m⛶[0m[30m⛶[0m[30m⛶[0m[30m⛶[0m


1) Set Area
2) Remove Area
3) Make Default Grid
4) Count Types
5) Set Type Color
6) Light Up Bulbs
0) Quit
Choice: 
[30m⊞[0m[30m⊞[0m[30m⊞[0m[30m⛶[0m[30m❦[0m
[30m✦[0m[30m✦[0m[30m✦[0m[30m⊞[0m[30m⛶[0m
[30m⛶[0m[30m⊞[0m[30m⊞[0m[30m✦[0m[30m⊞[0m
[30m⛶[0m[30m⛶[0m[30m⛶[0m[30m⊞[0m[30m⛶[0m
[30m❦[0m[30m✦[0m[30m⛶[0m[30m⛶[0m[30m❦[0m


1) Set Area
2) Remove Area
3) Make Default Grid
4) Count Types
5) Set Type Color
6) Light Up Bulbs
0) Quit
Choice: Input area type 1) greenspace 2) light 3) panel #) empty: Input location (x y): 
[30m⊞[0m[30m⊞[0m[30m⊞[0m[30m⛶[0m[30m❦[0m
[30m✦[0m[30m❦[0m[30m✦[0m[30m⊞[0m[30m⛶[0m
[30m⛶[0m[30m⊞[0m[30m⊞[0m[30m✦[0m[30m⊞[0m
[30m⛶[0m[30m⛶[0m[30m⛶[0m[30m⊞[0m[30m⛶[0m
[30m❦[0m[30m✦[0m[30m⛶[0m[30m⛶[0m[30m❦[0m


1) Set Area
2) Remove Area
3) Make Default Grid
4) Count Types
5) Set Type Color
6) Light Up Bulbs
0) Quit
Choice: Input area type 1) greenspace 2) light 3) panel #) empty: Input location (x y): 
[30m⊞[0m[30m⊞[0m[30m⊞[0m[30m⛶[0m[30m❦[0m
[30m✦[0m[30m❦[0m[30m✦[0m[30m⊞[0m[30m⛶[0m
[30m⛶[0m[30m⊞[0m[30m✦[0m[30m✦[0m[30m⊞[0m
[30m⛶[0m[30m⛶[0m[30m⛶[0m[30m⊞[0m[30m⛶[0m
[30m❦[0m[30m✦[0m[30m⛶[0m[30m⛶[0m[30m❦[0m


1) Set Area
2) Remove Area
3) Make Default Grid
4) Count Types
5) Set Type Color
6) Light Up Bulbs
0) Quit
Choice: Input area type 1) greenspace 2) light 3) panel #) empty: Input location (x y): 
[30m⊞[0m[30m⊞[0m[30m⊞[0m[30m⛶[0m[30m❦[0m
[30m✦[0m[30m❦[0m[30m✦[0m[30m⊞[0m[30m⛶[0m
[30m⛶[0m[30m⊞[0m[30m✦[0m[30m✦[0m[30m⊞[0m
[30m⛶[0m[30m⛶[0m[30m⛶[0m[30m⊞[0m[30m⛶[0m
[30m❦[0m[30m✦[0m[30m⛶[0m[30m⛶[0m[30m❦[0m


1) Set Area
2) Remove Area
3) Make Default Grid
4) Count Types
5) Set Type Color
6) Light Up Bulbs
0) Quit
Choice: Input area type 1) greenspace 2) light 3) panel #) empty: Input location (x y): 
[30m⊞[0m[30m⊞[0m[30m⊞[0m[30m⛶[0m[30m❦[0m
[30m✦[0m[30m⛶[0m[30m✦[0m[30m⊞[0m[30m⛶[0m
[30m⛶[0m[30m⊞[0m[30m✦[0m[30m✦[0m[30m⊞[0m
[30m⛶[0m[30m⛶[0m[30m⛶[0m[30m⊞[0m[30m⛶[0m
[30m❦[0m[30m✦[0m[30m⛶[0m[30m⛶[0m[30m❦[0m


1) Set Area
2) Remove Area
3) Make Default Grid
4) Count Types
5) Set Type Color
6) Light Up Bulbs
0) Quit
Choice: Input area type 1) greenspace 2) light 3) panel #) empty: Input location (x y): 
[30m⊞[0m[30m⊞[0m[30m⊞[0m[30m⛶[0m[30m❦[0m
[30m✦[0m[30m⛶[0m[30m✦[0m[30m⊞[0m[30m⛶[0m
[30m⛶[0m[30m⊞[0m[30m⛶[0m[30m✦[0m[30m⊞[0m
[30m⛶[0m[30m⛶[0m[30m⛶[0m[30m⊞[0m[30m⛶[0m
[30m❦[0m[30m✦[0m[30m⛶[0m[30m⛶[0m[30m❦[0m


1) Set Area
2) Remove Area
3) Make Default Grid
4) Count Types
5) Set Type Color
6) Light Up Bulbs
0) Quit
Choice: Input area type 1) greenspace 2) light 3) panel #) empty: Input location (x y): 
[30m❦[0m[30m⊞[0m[30m⊞[0m[30m⛶[0m[30m❦[0m
[30m✦[0m[30m⛶[0m[30m✦[0m[30m⊞[0m[30m⛶[0m
[30m⛶[0m[30m⊞[0m[30m⛶[0m[30m✦[0m[30m⊞[0m
[30m⛶[0m[30m⛶[0m[30m⛶[0m[30m⊞[0m[30m⛶[0m
[30m❦[0m[30m✦[0m[30m⛶[0m[30m⛶[0m[30m❦[0m


1) Set Area
2) Remove Area
3) Make Default Grid
4) Count Types
5) Set Type Color
6) Light Up Bulbs
0) Quit
Choice: Input area type 1) greenspace 2) light 3) panel #) empty: Input location (x y): 
[30m❦[0m[30m⊞[0m[30m⊞[0m[30m⛶[0m[30m❦[0m
[30m✦[0m[30m⛶[0m[30m✦[0m[30m⊞[0m[30m⛶[0m
[30m⛶[0m[30m⊞[0m[30m⛶[0m[30m✦[0m[30m⊞[0m
[30m⛶[0m[30m⛶[0m[30m⛶[0m[30m⊞[0m[30m⛶[0m
[30m❦[0m[30m✦[0m[30m⛶[0m[30m⛶[0m[30m❦[0m


1) Set Area
2) Remove Area
3) Make Default Grid
4) Count Types
5) Set Type Color
6) Light Up Bulbs
0) Quit
Choice: Input area type 1) greenspace 2) light 3) panel #) empty: Input location (x y): 
[30m❦[0m[30m⊞[0m[30m⊞[0m[30m⛶[0m[30m❦[0m
[30m✦[0m[30m⛶[0m[30m✦[0m[30m⊞[0m[30m⛶[0m
[30m⛶[0m[30m⊞[0m[30m⛶[0m[30m✦[0m[30m⊞[0m
[30m⛶[0m[30m⛶[0m[30m⛶[0m[30m⊞[0m[30m⛶[0m
[30m❦[0m[30m✦[0m[30m⛶[0m[30m⛶[0m[30m❦[0m


1) Set Area
2) Remove Area
3) Make Default Grid
4) Count Types
5) Set Type Color
6) Light Up Bulbs
0) Quit
Choice: Input area type 1) greenspace 2) light 3) panel #) empty: Input location (x y): 
[30m❦[0m[30m⊞[0m[30m⊞[0m[30m⛶[0m[30m❦[0m
[30m✦[0m[30m⛶[0m[30m✦[0m[30m⊞[0m[30m⛶[0m
[30m⛶[0m[30m⊞[0m[30m⛶[0m[30m✦[0m[30m⊞[0m
[30m⛶[0m[30m⛶[0m[30m⛶[0m[30m⊞[0m[30m⛶[0m
[30m❦[0m[30m✦[0m[30m⛶[0m[30m⛶[0m[30m❦[0m


1) Set Area
2) Remove Area
3) Make Default Grid
4) Count Types
5) Set Type Color
6) Light Up Bulbs
0) Quit
Choice: Input area type 1) greenspace 2) light 3) panel #) empty: Input location (x y): 
[30m⊞[0m[30m⊞[0m[30m⊞[0m[30m⛶[0m[30m❦[0m
[30m✦[0m[30m⛶[0m[30m✦[0m[30m⊞[0m[30m⛶[0m
[30m⛶[0m[30m⊞[0m[30m⛶[0m[30m✦[0m[30m⊞[0m
[30m⛶[0m[30m⛶[0m[30m⛶[0m[30m⊞[0m[30m⛶[0m
[30m❦[0m[30m✦[0m[30m⛶[0m[30m⛶[0m[30m❦[0m


1) Set Area
2) Remove Area
3) Make Default Grid
4) Count Types
5) Set Type Color
6) Light Up Bulbs
0) Quit
Choice: Input location (x y): 
[30m⛶[0m[30m⊞[0m[30m⊞[0m[30m⛶[0m[30m❦[0m
[30m✦[0m[30m⛶[0m[30m✦[0m[30m⊞[0m[30m⛶[0m
[30m⛶[0m[30m⊞[0m[30m⛶[0m[30m✦[0m[30m⊞[0m
[30m⛶[0m[30m⛶[0m[30m⛶[0m[30m⊞[0m[30m⛶[0m
[30m❦[0m[30m✦[0m[30m⛶[0m[30m⛶[0m[30m❦[0m


1) Set Area
2) Remove Area
3) Make Default Grid
4) Count Types
5) Set Type Color
6) Light Up Bulbs
0) Quit
Choice: Input location (x y): 
[30m⛶[0m[30m⊞[0m[30m⊞[0m[30m⛶[0m[30m⛶[0m
[30m✦[0m[30m⛶[0m[30m✦[0m[30m⊞[0m[30m⛶[0m
[30m⛶[0m[30m⊞[0m[30m⛶[0m[30m✦[0m[30m⊞[0m
[30m⛶[0m[30m⛶[0m[30m⛶[0m[30m⊞[0m[30m⛶[0m
[30m❦[0m[30m✦[0m[30m⛶[0m[30m⛶[0m[30m❦[0m


1) Set Area
2) Remove Area
3) Make Default Grid
4) Count Types
5) Set Type Color
6) Light Up Bulbs
0) Quit
Choice: Input location (x y): 
[30m⛶[0m[30m⊞[0m[30m⊞[0m[30m⛶[0m[30m⛶[0m
[30m✦[0m[30m⛶[0m[30m✦[0m[30m⊞[0m[30m⛶[0m
[30m⛶[0m[30m⊞[0m[30m⛶[0m[30m✦[0m[30m⊞[0m
[30m⛶[0m[30m⛶[0m[30m⛶[0m[30m⊞[0m[30m⛶[0m
[30m⛶[0m[30m✦[0m[30m⛶[0m[30m⛶[0m[30m❦[0m


1) Set Area
2) Remove Area
3) Make Default Grid
4) Count Types
5) Set Type Color
6) Light Up Bulbs
0) Quit
Choice: Input location (x y): 
[30m⛶[0m[30m⊞[0m[30m⊞[0m[30m⛶[0m[30m⛶[0m
[30m✦[0m[30m⛶[0m[30m✦[0m[30m⊞[0m[30m⛶[0m
[30m⛶[0m[30m⊞[0m[30m⛶[0m[30m✦[0m[30m⊞[0m
[30m⛶[0m[30m⛶[0m[30m⛶[0m[30m⊞[0m[30m⛶[0m
[30m⛶[0m[30m✦[0m[30m⛶[0m[30m⛶[0m[30m⛶[0m


1) Set Area
2) Remove Area
3) Make Default Grid
4) Count Types
5) Set Type Color
6) Light Up Bulbs
0) Quit
Choice: 